  MinimalFixationDataStream.cpp
c:\users\araub\desktop\ludwiksdk\tobiieyexsdk-cpp-1.8.498\samples\minimalfixationdatastream\minimalfixationdatastream.cpp(77): warning C4244: "+=": konwersja z "double" do "__int64", możliwa utrata danych
c:\users\araub\desktop\ludwiksdk\tobiieyexsdk-cpp-1.8.498\samples\minimalfixationdatastream\minimalfixationdatastream.cpp(139): warning C4244: "=": konwersja z "__int64" do "int", możliwa utrata danych
c:\users\araub\desktop\ludwiksdk\tobiieyexsdk-cpp-1.8.498\samples\minimalfixationdatastream\minimalfixationdatastream.cpp(140): warning C4244: "=": konwersja z "__int64" do "int", możliwa utrata danych
c:\users\araub\desktop\ludwiksdk\tobiieyexsdk-cpp-1.8.498\samples\minimalfixationdatastream\minimalfixationdatastream.cpp(179): warning C4996: 'std::tr1': warning STL4002: The non-Standard std::tr1 namespace and TR1-only machinery are deprecated and will be REMOVED. You can define _SILENCE_TR1_NAMESPACE_DEPRECATION_WARNING to acknowledge that you have received this warning.
  c:\program files (x86)\microsoft visual studio\2017\community\vc\tools\msvc\14.14.26428\include\regex(5732): note: zobacz deklarację „std::tr1”
c:\users\araub\desktop\ludwiksdk\tobiieyexsdk-cpp-1.8.498\samples\minimalfixationdatastream\minimalfixationdatastream.cpp(181): warning C4996: 'std::tr1': warning STL4002: The non-Standard std::tr1 namespace and TR1-only machinery are deprecated and will be REMOVED. You can define _SILENCE_TR1_NAMESPACE_DEPRECATION_WARNING to acknowledge that you have received this warning.
  c:\program files (x86)\microsoft visual studio\2017\community\vc\tools\msvc\14.14.26428\include\regex(5732): note: zobacz deklarację „std::tr1”
c:\users\araub\desktop\ludwiksdk\tobiieyexsdk-cpp-1.8.498\samples\minimalfixationdatastream\minimalfixationdatastream.cpp(184): warning C4996: 'std::tr1': warning STL4002: The non-Standard std::tr1 namespace and TR1-only machinery are deprecated and will be REMOVED. You can define _SILENCE_TR1_NAMESPACE_DEPRECATION_WARNING to acknowledge that you have received this warning.
  c:\program files (x86)\microsoft visual studio\2017\community\vc\tools\msvc\14.14.26428\include\regex(5732): note: zobacz deklarację „std::tr1”
c:\users\araub\desktop\ludwiksdk\tobiieyexsdk-cpp-1.8.498\samples\minimalfixationdatastream\minimalfixationdatastream.cpp(192): warning C4996: 'std::tr1': warning STL4002: The non-Standard std::tr1 namespace and TR1-only machinery are deprecated and will be REMOVED. You can define _SILENCE_TR1_NAMESPACE_DEPRECATION_WARNING to acknowledge that you have received this warning.
  c:\program files (x86)\microsoft visual studio\2017\community\vc\tools\msvc\14.14.26428\include\regex(5732): note: zobacz deklarację „std::tr1”
c:\users\araub\desktop\ludwiksdk\tobiieyexsdk-cpp-1.8.498\samples\minimalfixationdatastream\minimalfixationdatastream.cpp(224): warning C4267: "inicjowanie": konwersja z "size_t" do "int", możliwa utrata danych
c:\users\araub\desktop\ludwiksdk\tobiieyexsdk-cpp-1.8.498\samples\minimalfixationdatastream\minimalfixationdatastream.cpp(252): warning C4267: "argument": konwersja z "size_t" do "int", możliwa utrata danych
c:\users\araub\desktop\ludwiksdk\tobiieyexsdk-cpp-1.8.498\samples\minimalfixationdatastream\minimalfixationdatastream.cpp(263): warning C4996: 'inet_addr': Use inet_pton() or InetPton() instead or define _WINSOCK_DEPRECATED_NO_WARNINGS to disable deprecated API warnings
  c:\program files (x86)\windows kits\10\include\10.0.17134.0\um\winsock2.h(1830): note: zobacz deklarację „inet_addr”
c:\users\araub\desktop\ludwiksdk\tobiieyexsdk-cpp-1.8.498\samples\minimalfixationdatastream\minimalfixationdatastream.cpp(276): warning C4996: 'inet_ntoa': Use inet_ntop() or InetNtop() instead or define _WINSOCK_DEPRECATED_NO_WARNINGS to disable deprecated API warnings
  c:\program files (x86)\windows kits\10\include\10.0.17134.0\um\winsock2.h(1848): note: zobacz deklarację „inet_ntoa”
c:\users\araub\desktop\ludwiksdk\tobiieyexsdk-cpp-1.8.498\samples\minimalfixationdatastream\minimalfixationdatastream.cpp(299): warning C4996: 'inet_ntoa': Use inet_ntop() or InetNtop() instead or define _WINSOCK_DEPRECATED_NO_WARNINGS to disable deprecated API warnings
  c:\program files (x86)\windows kits\10\include\10.0.17134.0\um\winsock2.h(1848): note: zobacz deklarację „inet_ntoa”
c:\users\araub\desktop\ludwiksdk\tobiieyexsdk-cpp-1.8.498\samples\minimalfixationdatastream\minimalfixationdatastream.cpp(306): warning C4267: "=": konwersja z "size_t" do "int", możliwa utrata danych
c:\users\araub\desktop\ludwiksdk\tobiieyexsdk-cpp-1.8.498\samples\minimalfixationdatastream\minimalfixationdatastream.cpp(308): warning C4309: "=": obcięcie stałej wartości
c:\users\araub\desktop\ludwiksdk\tobiieyexsdk-cpp-1.8.498\samples\minimalfixationdatastream\minimalfixationdatastream.cpp(313): warning C4309: "=": obcięcie stałej wartości
c:\users\araub\desktop\ludwiksdk\tobiieyexsdk-cpp-1.8.498\samples\minimalfixationdatastream\minimalfixationdatastream.cpp(357): warning C4309: "inicjowanie": obcięcie stałej wartości
c:\users\araub\desktop\ludwiksdk\tobiieyexsdk-cpp-1.8.498\samples\minimalfixationdatastream\minimalfixationdatastream.cpp(378): warning C4267: "inicjowanie": konwersja z "size_t" do "int", możliwa utrata danych
c:\users\araub\desktop\ludwiksdk\tobiieyexsdk-cpp-1.8.498\samples\minimalfixationdatastream\minimalfixationdatastream.cpp(511): warning C4267: "inicjowanie": konwersja z "size_t" do "int", możliwa utrata danych
c:\users\araub\desktop\ludwiksdk\tobiieyexsdk-cpp-1.8.498\samples\minimalfixationdatastream\minimalfixationdatastream.cpp(501): warning C4996: 'sprintf': This function or variable may be unsafe. Consider using sprintf_s instead. To disable deprecation, use _CRT_SECURE_NO_WARNINGS. See online help for details.
  c:\program files (x86)\windows kits\10\include\10.0.17134.0\ucrt\stdio.h(1774): note: zobacz deklarację „sprintf”
c:\users\araub\desktop\ludwiksdk\tobiieyexsdk-cpp-1.8.498\samples\minimalfixationdatastream\minimalfixationdatastream.cpp(502): warning C4996: 'sprintf': This function or variable may be unsafe. Consider using sprintf_s instead. To disable deprecation, use _CRT_SECURE_NO_WARNINGS. See online help for details.
  c:\program files (x86)\windows kits\10\include\10.0.17134.0\ucrt\stdio.h(1774): note: zobacz deklarację „sprintf”
c:\users\araub\desktop\ludwiksdk\tobiieyexsdk-cpp-1.8.498\samples\minimalfixationdatastream\minimalfixationdatastream.cpp(503): warning C4996: 'strcat': This function or variable may be unsafe. Consider using strcat_s instead. To disable deprecation, use _CRT_SECURE_NO_WARNINGS. See online help for details.
  c:\program files (x86)\windows kits\10\include\10.0.17134.0\ucrt\string.h(90): note: zobacz deklarację „strcat”
c:\users\araub\desktop\ludwiksdk\tobiieyexsdk-cpp-1.8.498\samples\minimalfixationdatastream\minimalfixationdatastream.cpp(506): warning C4996: 'sprintf': This function or variable may be unsafe. Consider using sprintf_s instead. To disable deprecation, use _CRT_SECURE_NO_WARNINGS. See online help for details.
  c:\program files (x86)\windows kits\10\include\10.0.17134.0\ucrt\stdio.h(1774): note: zobacz deklarację „sprintf”
  MinimalFixationDataStream.vcxproj -> C:\Users\araub\Desktop\LudwikSDK\TobiiEyeXSdk-Cpp-1.8.498\samples\x64\Debug\MinimalFixationDataStream.exe
